2023-09-04 16:10:12,941 [Worker-0: Loading available Gradle versions] INFO  o.e.b.c.i.u.g.PublishedGradleVersions - Gradle version information cache is up-to-date. Trying to read.
2023-09-04 16:14:06,711 [Worker-12: Importing Maven projects] INFO  o.e.m.c.i.l.LifecycleMappingFactory - Using org.eclipse.m2e.jdt.JarLifecycleMapping lifecycle mapping for MavenProject: com.codemind:PlayCenter:0.0.1-SNAPSHOT @ /home/faizansopariwala/git/NMPC/pom.xml.
2023-09-04 16:14:07,295 [Worker-12: Importing Maven projects] INFO  o.e.m.j.i.AbstractJavaProjectConfigurator - Adding source folder /PlayCenter/src/main/java
2023-09-04 16:14:07,296 [Worker-12: Importing Maven projects] INFO  o.e.m.j.i.AbstractJavaProjectConfigurator - Adding resource folder /PlayCenter/src/main/resources
2023-09-04 16:14:07,302 [Worker-12: Importing Maven projects] INFO  o.e.m.j.i.AbstractJavaProjectConfigurator - Adding resource folder /PlayCenter/src/main/resources
2023-09-04 16:14:07,304 [Worker-12: Importing Maven projects] INFO  o.e.m.j.i.AbstractJavaProjectConfigurator - Adding source folder /PlayCenter/src/test/java
2023-09-04 16:14:07,958 [Worker-12: Importing Maven projects] INFO  o.e.m.c.i.p.ProjectConfigurationManager - Imported and configured 1 project(s) in 1 sec
2023-09-04 16:14:08,217 [Worker-6: Building] INFO  o.a.m.s.f.DefaultMavenResourcesFiltering - Copying 1 resource from src/main/resources to target/classes
2023-09-04 16:14:08,232 [Worker-6: Building] INFO  o.a.m.s.f.DefaultMavenResourcesFiltering - Copying 125 resources from src/main/resources to target/classes
2023-09-04 16:14:08,261 [Worker-6: Building] INFO  o.a.m.s.f.DefaultMavenResourcesFiltering - skip non existing resourceDirectory /home/faizansopariwala/git/NMPC/src/test/resources
2023-09-04 16:14:29,156 [Worker-20: Launching Executing clean in _home_faizansopariwala_git_NMPC] INFO  o.e.m.i.launch.MavenLaunchDelegate - /home/faizansopariwala/git/NMPC
2023-09-04 16:14:29,158 [Worker-20: Launching Executing clean in _home_faizansopariwala_git_NMPC] INFO  o.e.m.i.launch.MavenLaunchDelegate -  mvn -B -Dstyle.color=always clean
2023-09-04 16:14:41,252 [Worker-12: Updating Maven Project] INFO  o.e.m.c.i.p.ProjectConfigurationManager - Update started
2023-09-04 16:14:41,464 [Worker-12: Updating Maven Project] INFO  o.e.m.c.i.l.LifecycleMappingFactory - Using org.eclipse.m2e.jdt.JarLifecycleMapping lifecycle mapping for MavenProject: com.codemind:PlayCenter:0.0.1-SNAPSHOT @ /home/faizansopariwala/git/NMPC/pom.xml.
2023-09-04 16:14:41,717 [Worker-12: Updating Maven Project] INFO  o.e.m.j.i.AbstractJavaProjectConfigurator - Adding source folder /PlayCenter/src/main/java
2023-09-04 16:14:41,717 [Worker-12: Updating Maven Project] INFO  o.e.m.j.i.AbstractJavaProjectConfigurator - Adding resource folder /PlayCenter/src/main/resources
2023-09-04 16:14:41,718 [Worker-12: Updating Maven Project] INFO  o.e.m.j.i.AbstractJavaProjectConfigurator - Adding resource folder /PlayCenter/src/main/resources
2023-09-04 16:14:41,719 [Worker-12: Updating Maven Project] INFO  o.e.m.j.i.AbstractJavaProjectConfigurator - Adding source folder /PlayCenter/src/test/java
2023-09-04 16:14:41,851 [Worker-12: Updating Maven Project] INFO  o.e.m.c.i.p.ProjectConfigurationManager - Update completed: 0 sec
2023-09-04 16:14:42,141 [Worker-22: Building] INFO  o.a.m.s.f.DefaultMavenResourcesFiltering - Copying 1 resource from src/main/resources to target/classes
2023-09-04 16:14:42,151 [Worker-22: Building] INFO  o.a.m.s.f.DefaultMavenResourcesFiltering - Copying 125 resources from src/main/resources to target/classes
2023-09-04 16:14:42,183 [Worker-22: Building] INFO  o.a.m.s.f.DefaultMavenResourcesFiltering - skip non existing resourceDirectory /home/faizansopariwala/git/NMPC/src/test/resources
2023-09-04 16:15:46,994 [Worker-20: Building] INFO  o.a.m.s.f.DefaultMavenResourcesFiltering - Copying 1 resource from src/main/resources to target/classes
2023-09-04 16:15:46,997 [Worker-20: Building] INFO  o.a.m.s.f.DefaultMavenResourcesFiltering - Copying 125 resources from src/main/resources to target/classes
2023-09-04 16:15:47,027 [Worker-20: Building] INFO  o.a.m.s.f.DefaultMavenResourcesFiltering - skip non existing resourceDirectory /home/faizansopariwala/git/NMPC/src/test/resources
2023-09-04 16:15:51,449 [Worker-9: Building] INFO  o.a.m.s.f.DefaultMavenResourcesFiltering - Copying 1 resource from src/main/resources to target/classes
2023-09-04 16:15:51,451 [Worker-9: Building] INFO  o.a.m.s.f.DefaultMavenResourcesFiltering - Copying 125 resources from src/main/resources to target/classes
2023-09-04 16:15:51,482 [Worker-9: Building] INFO  o.a.m.s.f.DefaultMavenResourcesFiltering - skip non existing resourceDirectory /home/faizansopariwala/git/NMPC/src/test/resources
2023-09-04 16:15:58,172 [Worker-12: Building] INFO  o.e.m.c.i.l.LifecycleMappingFactory - Using org.eclipse.m2e.jdt.JarLifecycleMapping lifecycle mapping for MavenProject: com.codemind:PlayCenter:0.0.1-SNAPSHOT @ /home/faizansopariwala/git/NMPC/pom.xml.
2023-09-04 16:15:58,389 [Worker-12: Building] INFO  o.a.m.s.f.DefaultMavenResourcesFiltering - Copying 0 resource from src/main/resources to target/classes
2023-09-04 16:15:58,389 [Worker-12: Building] INFO  o.a.m.s.f.DefaultMavenResourcesFiltering - Copying 0 resource from src/main/resources to target/classes
2023-09-04 16:15:58,391 [Worker-12: Building] INFO  o.a.m.s.f.DefaultMavenResourcesFiltering - skip non existing resourceDirectory /home/faizansopariwala/git/NMPC/src/test/resources
2023-09-04 16:17:30,457 [Worker-22: Building] INFO  o.a.m.s.f.DefaultMavenResourcesFiltering - Copying 1 resource from src/main/resources to target/classes
2023-09-04 16:17:30,467 [Worker-22: Building] INFO  o.a.m.s.f.DefaultMavenResourcesFiltering - Copying 125 resources from src/main/resources to target/classes
2023-09-04 16:17:30,472 [Worker-22: Building] INFO  o.a.m.s.f.DefaultMavenResourcesFiltering - skip non existing resourceDirectory /home/faizansopariwala/git/NMPC/src/test/resources
2023-09-04 16:17:40,788 [Worker-21: Building] INFO  o.a.m.s.f.DefaultMavenResourcesFiltering - Copying 1 resource from src/main/resources to target/classes
2023-09-04 16:17:40,792 [Worker-21: Building] INFO  o.a.m.s.f.DefaultMavenResourcesFiltering - Copying 125 resources from src/main/resources to target/classes
2023-09-04 16:17:40,796 [Worker-21: Building] INFO  o.a.m.s.f.DefaultMavenResourcesFiltering - skip non existing resourceDirectory /home/faizansopariwala/git/NMPC/src/test/resources
2023-09-04 16:18:01,767 [Worker-22: Building] INFO  o.a.m.s.f.DefaultMavenResourcesFiltering - Copying 1 resource from src/main/resources to target/classes
2023-09-04 16:18:01,771 [Worker-22: Building] INFO  o.a.m.s.f.DefaultMavenResourcesFiltering - Copying 125 resources from src/main/resources to target/classes
2023-09-04 16:18:01,776 [Worker-22: Building] INFO  o.a.m.s.f.DefaultMavenResourcesFiltering - skip non existing resourceDirectory /home/faizansopariwala/git/NMPC/src/test/resources
2023-09-04 16:18:15,292 [Worker-6: Building] INFO  o.a.m.s.f.DefaultMavenResourcesFiltering - Copying 1 resource from src/main/resources to target/classes
2023-09-04 16:18:15,297 [Worker-6: Building] INFO  o.a.m.s.f.DefaultMavenResourcesFiltering - Copying 125 resources from src/main/resources to target/classes
2023-09-04 16:18:15,302 [Worker-6: Building] INFO  o.a.m.s.f.DefaultMavenResourcesFiltering - skip non existing resourceDirectory /home/faizansopariwala/git/NMPC/src/test/resources
2023-09-04 16:18:49,993 [Worker-21: Building] INFO  o.a.m.s.f.DefaultMavenResourcesFiltering - Copying 1 resource from src/main/resources to target/classes
2023-09-04 16:18:49,996 [Worker-21: Building] INFO  o.a.m.s.f.DefaultMavenResourcesFiltering - Copying 125 resources from src/main/resources to target/classes
2023-09-04 16:18:50,001 [Worker-21: Building] INFO  o.a.m.s.f.DefaultMavenResourcesFiltering - skip non existing resourceDirectory /home/faizansopariwala/git/NMPC/src/test/resources
2023-09-04 16:25:19,346 [main] INFO  o.e.m2e.actions.ExecutePomAction - Creating new launch configuration
2023-09-04 16:25:34,553 [Worker-6: Launching NMPC] INFO  o.e.m.i.launch.MavenLaunchDelegate - /home/faizansopariwala/git/NMPC
2023-09-04 16:25:34,553 [Worker-6: Launching NMPC] INFO  o.e.m.i.launch.MavenLaunchDelegate -  mvn -B -Dstyle.color=always clean install -U
2023-09-04 16:30:55,591 [Worker-9: Building] INFO  o.e.m.c.i.l.LifecycleMappingFactory - Using org.eclipse.m2e.jdt.JarLifecycleMapping lifecycle mapping for MavenProject: com.codemind:PlayCenter:0.0.1-SNAPSHOT @ /home/faizansopariwala/git/NMPC/pom.xml.
2023-09-04 16:30:55,776 [Worker-9: Building] INFO  o.a.m.s.f.DefaultMavenResourcesFiltering - Copying 0 resource from src/main/resources to target/classes
2023-09-04 16:30:55,777 [Worker-9: Building] INFO  o.a.m.s.f.DefaultMavenResourcesFiltering - Copying 0 resource from src/main/resources to target/classes
2023-09-04 16:30:55,779 [Worker-9: Building] INFO  o.a.m.s.f.DefaultMavenResourcesFiltering - skip non existing resourceDirectory /home/faizansopariwala/git/NMPC/src/test/resources
2023-09-04 16:31:18,748 [Worker-28: Building] INFO  o.a.m.s.f.DefaultMavenResourcesFiltering - Copying 1 resource from src/main/resources to target/classes
2023-09-04 16:31:18,758 [Worker-28: Building] INFO  o.a.m.s.f.DefaultMavenResourcesFiltering - Copying 125 resources from src/main/resources to target/classes
2023-09-04 16:31:18,790 [Worker-28: Building] INFO  o.a.m.s.f.DefaultMavenResourcesFiltering - skip non existing resourceDirectory /home/faizansopariwala/git/NMPC/src/test/resources
2023-09-04 16:31:36,358 [main] INFO  o.e.m2e.actions.ExecutePomAction - Creating new launch configuration
2023-09-04 16:31:49,706 [Worker-29: Launching NMPC (1)] INFO  o.e.m.i.launch.MavenLaunchDelegate - /home/faizansopariwala/git/NMPC
2023-09-04 16:31:49,706 [Worker-29: Launching NMPC (1)] INFO  o.e.m.i.launch.MavenLaunchDelegate -  mvn -B -Dstyle.color=always clean install -U
2023-09-04 16:32:31,162 [main] INFO  o.e.m2e.actions.ExecutePomAction - Creating new launch configuration
2023-09-04 16:32:40,771 [Worker-29: Launching NMPC (2)] INFO  o.e.m.i.launch.MavenLaunchDelegate - /home/faizansopariwala/git/NMPC
2023-09-04 16:32:40,772 [Worker-29: Launching NMPC (2)] INFO  o.e.m.i.launch.MavenLaunchDelegate -  mvn -B -Dstyle.color=always clean install -U
2023-09-04 16:34:10,317 [Worker-28: Building] INFO  o.a.m.s.f.DefaultMavenResourcesFiltering - Copying 0 resource from src/main/resources to target/classes
2023-09-04 16:34:10,317 [Worker-28: Building] INFO  o.a.m.s.f.DefaultMavenResourcesFiltering - Copying 0 resource from src/main/resources to target/classes
2023-09-04 16:34:10,320 [Worker-28: Building] INFO  o.a.m.s.f.DefaultMavenResourcesFiltering - skip non existing resourceDirectory /home/faizansopariwala/git/NMPC/src/test/resources
2023-09-04 16:34:14,044 [Worker-28: Building] INFO  o.a.m.s.f.DefaultMavenResourcesFiltering - Copying 0 resource from src/main/resources to target/classes
2023-09-04 16:34:14,044 [Worker-28: Building] INFO  o.a.m.s.f.DefaultMavenResourcesFiltering - Copying 0 resource from src/main/resources to target/classes
2023-09-04 16:34:14,046 [Worker-28: Building] INFO  o.a.m.s.f.DefaultMavenResourcesFiltering - skip non existing resourceDirectory /home/faizansopariwala/git/NMPC/src/test/resources
2023-09-04 16:34:25,003 [main] INFO  o.e.m2e.actions.ExecutePomAction - Creating new launch configuration
2023-09-04 16:34:31,195 [Worker-28: Launching NMPC (3)] INFO  o.e.m.i.launch.MavenLaunchDelegate - /home/faizansopariwala/git/NMPC
2023-09-04 16:34:31,195 [Worker-28: Launching NMPC (3)] INFO  o.e.m.i.launch.MavenLaunchDelegate -  mvn -B -Dstyle.color=always clean install -U
2023-09-04 16:36:07,851 [main] INFO  o.e.m2e.actions.ExecutePomAction - Creating new launch configuration
2023-09-04 16:36:43,326 [Worker-28: Launching NMPC (4)] INFO  o.e.m.i.launch.MavenLaunchDelegate - /home/faizansopariwala/git/NMPC
2023-09-04 16:36:43,326 [Worker-28: Launching NMPC (4)] INFO  o.e.m.i.launch.MavenLaunchDelegate -  mvn -B -Dstyle.color=always clean install -U
2023-09-04 16:36:53,317 [Worker-30: Building] INFO  o.a.m.s.f.DefaultMavenResourcesFiltering - Copying 1 resource from src/main/resources to target/classes
2023-09-04 16:36:53,321 [Worker-30: Building] INFO  o.a.m.s.f.DefaultMavenResourcesFiltering - Copying 125 resources from src/main/resources to target/classes
2023-09-04 16:36:53,326 [Worker-30: Building] INFO  o.a.m.s.f.DefaultMavenResourcesFiltering - skip non existing resourceDirectory /home/faizansopariwala/git/NMPC/src/test/resources
2023-09-04 16:39:34,421 [Worker-32: Building] INFO  o.a.m.s.f.DefaultMavenResourcesFiltering - Copying 1 resource from src/main/resources to target/classes
2023-09-04 16:39:34,424 [Worker-32: Building] INFO  o.a.m.s.f.DefaultMavenResourcesFiltering - Copying 125 resources from src/main/resources to target/classes
2023-09-04 16:39:34,460 [Worker-32: Building] INFO  o.a.m.s.f.DefaultMavenResourcesFiltering - skip non existing resourceDirectory /home/faizansopariwala/git/NMPC/src/test/resources
2023-09-04 16:39:48,829 [main] INFO  o.e.m2e.actions.ExecutePomAction - Creating new launch configuration
2023-09-04 16:40:07,809 [Worker-33: Launching NMPC (5)] INFO  o.e.m.i.launch.MavenLaunchDelegate - /home/faizansopariwala/git/NMPC
2023-09-04 16:40:07,809 [Worker-33: Launching NMPC (5)] INFO  o.e.m.i.launch.MavenLaunchDelegate -  mvn -B -Dstyle.color=always clean install -U
2023-09-04 16:40:36,252 [Worker-9: Building] INFO  o.e.m.c.i.l.LifecycleMappingFactory - Using org.eclipse.m2e.jdt.JarLifecycleMapping lifecycle mapping for MavenProject: com.codemind:PlayCenter:0.0.1-SNAPSHOT @ /home/faizansopariwala/git/NMPC/pom.xml.
2023-09-04 16:40:36,483 [Worker-9: Building] INFO  o.a.m.s.f.DefaultMavenResourcesFiltering - Copying 0 resource from src/main/resources to target/classes
2023-09-04 16:40:36,483 [Worker-9: Building] INFO  o.a.m.s.f.DefaultMavenResourcesFiltering - Copying 0 resource from src/main/resources to target/classes
2023-09-04 16:40:36,485 [Worker-9: Building] INFO  o.a.m.s.f.DefaultMavenResourcesFiltering - skip non existing resourceDirectory /home/faizansopariwala/git/NMPC/src/test/resources
2023-09-04 16:41:19,765 [Worker-28: Building] INFO  o.a.m.s.f.DefaultMavenResourcesFiltering - Copying 0 resource from src/main/resources to target/classes
2023-09-04 16:41:19,766 [Worker-28: Building] INFO  o.a.m.s.f.DefaultMavenResourcesFiltering - Copying 0 resource from src/main/resources to target/classes
2023-09-04 16:41:19,767 [Worker-28: Building] INFO  o.a.m.s.f.DefaultMavenResourcesFiltering - skip non existing resourceDirectory /home/faizansopariwala/git/NMPC/src/test/resources
2023-09-04 16:41:35,621 [Worker-9: Building] INFO  o.a.m.s.f.DefaultMavenResourcesFiltering - Copying 1 resource from src/main/resources to target/classes
2023-09-04 16:41:35,633 [Worker-9: Building] INFO  o.a.m.s.f.DefaultMavenResourcesFiltering - Copying 125 resources from src/main/resources to target/classes
2023-09-04 16:41:35,668 [Worker-9: Building] INFO  o.a.m.s.f.DefaultMavenResourcesFiltering - skip non existing resourceDirectory /home/faizansopariwala/git/NMPC/src/test/resources
2023-09-04 16:41:51,033 [Worker-34: Building] INFO  o.a.m.s.f.DefaultMavenResourcesFiltering - Copying 0 resource from src/main/resources to target/classes
2023-09-04 16:41:51,033 [Worker-34: Building] INFO  o.a.m.s.f.DefaultMavenResourcesFiltering - Copying 0 resource from src/main/resources to target/classes
2023-09-04 16:41:51,035 [Worker-34: Building] INFO  o.a.m.s.f.DefaultMavenResourcesFiltering - skip non existing resourceDirectory /home/faizansopariwala/git/NMPC/src/test/resources
2023-09-04 16:41:58,256 [Worker-35: Building] INFO  o.e.m.c.i.l.LifecycleMappingFactory - Using org.eclipse.m2e.jdt.JarLifecycleMapping lifecycle mapping for MavenProject: com.codemind:PlayCenter:0.0.1-SNAPSHOT @ /home/faizansopariwala/git/NMPC/pom.xml.
2023-09-04 16:41:58,542 [Worker-35: Building] INFO  o.a.m.s.f.DefaultMavenResourcesFiltering - Copying 0 resource from src/main/resources to target/classes
2023-09-04 16:41:58,542 [Worker-35: Building] INFO  o.a.m.s.f.DefaultMavenResourcesFiltering - Copying 0 resource from src/main/resources to target/classes
2023-09-04 16:41:58,546 [Worker-35: Building] INFO  o.a.m.s.f.DefaultMavenResourcesFiltering - skip non existing resourceDirectory /home/faizansopariwala/git/NMPC/src/test/resources
2023-09-04 16:42:07,989 [main] INFO  o.e.m2e.actions.ExecutePomAction - Creating new launch configuration
2023-09-04 16:42:24,677 [Worker-33: Launching NMPC (6)] INFO  o.e.m.i.launch.MavenLaunchDelegate - /home/faizansopariwala/git/NMPC
2023-09-04 16:42:24,677 [Worker-33: Launching NMPC (6)] INFO  o.e.m.i.launch.MavenLaunchDelegate -  mvn -B -Dstyle.color=always clean install -U
2023-09-04 16:43:02,906 [Worker-35: Building] INFO  o.e.m.c.i.l.LifecycleMappingFactory - Using org.eclipse.m2e.jdt.JarLifecycleMapping lifecycle mapping for MavenProject: com.codemind:PlayCenter:0.0.1-SNAPSHOT @ /home/faizansopariwala/git/NMPC/pom.xml.
2023-09-04 16:43:03,127 [Worker-35: Building] INFO  o.a.m.s.f.DefaultMavenResourcesFiltering - Copying 0 resource from src/main/resources to target/classes
2023-09-04 16:43:03,128 [Worker-35: Building] INFO  o.a.m.s.f.DefaultMavenResourcesFiltering - Copying 0 resource from src/main/resources to target/classes
2023-09-04 16:43:03,130 [Worker-35: Building] INFO  o.a.m.s.f.DefaultMavenResourcesFiltering - skip non existing resourceDirectory /home/faizansopariwala/git/NMPC/src/test/resources
2023-09-04 16:43:21,702 [Worker-35: Building] INFO  o.a.m.s.f.DefaultMavenResourcesFiltering - Copying 1 resource from src/main/resources to target/classes
2023-09-04 16:43:21,716 [Worker-35: Building] INFO  o.a.m.s.f.DefaultMavenResourcesFiltering - Copying 125 resources from src/main/resources to target/classes
2023-09-04 16:43:21,752 [Worker-35: Building] INFO  o.a.m.s.f.DefaultMavenResourcesFiltering - skip non existing resourceDirectory /home/faizansopariwala/git/NMPC/src/test/resources
2023-09-04 16:43:55,216 [Worker-32: Building] INFO  o.a.m.s.f.DefaultMavenResourcesFiltering - Copying 1 resource from src/main/resources to target/classes
2023-09-04 16:43:55,218 [Worker-32: Building] INFO  o.a.m.s.f.DefaultMavenResourcesFiltering - Copying 125 resources from src/main/resources to target/classes
2023-09-04 16:43:55,253 [Worker-32: Building] INFO  o.a.m.s.f.DefaultMavenResourcesFiltering - skip non existing resourceDirectory /home/faizansopariwala/git/NMPC/src/test/resources
2023-09-04 16:44:01,568 [main] INFO  o.e.m2e.actions.ExecutePomAction - Creating new launch configuration
2023-09-04 16:44:22,643 [Worker-34: Launching NMPC (7)] INFO  o.e.m.i.launch.MavenLaunchDelegate - /home/faizansopariwala/git/NMPC
2023-09-04 16:44:22,643 [Worker-34: Launching NMPC (7)] INFO  o.e.m.i.launch.MavenLaunchDelegate -  mvn -B -Dstyle.color=always clean install -U
2023-09-04 16:45:07,831 [Worker-34: Launching Executing clean in _home_faizansopariwala_git_NMPC] INFO  o.e.m.i.launch.MavenLaunchDelegate - /home/faizansopariwala/git/NMPC
2023-09-04 16:45:07,831 [Worker-34: Launching Executing clean in _home_faizansopariwala_git_NMPC] INFO  o.e.m.i.launch.MavenLaunchDelegate -  mvn -B -Dstyle.color=always clean
2023-09-04 16:45:09,203 [Worker-32: Building] INFO  o.a.m.s.f.DefaultMavenResourcesFiltering - Copying 1 resource from src/main/resources to target/classes
2023-09-04 16:45:09,205 [Worker-32: Building] INFO  o.a.m.s.f.DefaultMavenResourcesFiltering - Copying 125 resources from src/main/resources to target/classes
2023-09-04 16:45:09,234 [Worker-32: Building] INFO  o.a.m.s.f.DefaultMavenResourcesFiltering - skip non existing resourceDirectory /home/faizansopariwala/git/NMPC/src/test/resources
2023-09-04 16:45:13,715 [Worker-33: Launching Executing install in _home_faizansopariwala_git_NMPC] INFO  o.e.m.i.launch.MavenLaunchDelegate - /home/faizansopariwala/git/NMPC
2023-09-04 16:45:13,716 [Worker-33: Launching Executing install in _home_faizansopariwala_git_NMPC] INFO  o.e.m.i.launch.MavenLaunchDelegate -  mvn -B -Dstyle.color=always install
2023-09-04 16:45:15,956 [Worker-32: Building] INFO  o.a.m.s.f.DefaultMavenResourcesFiltering - Copying 0 resource from src/main/resources to target/classes
2023-09-04 16:45:15,956 [Worker-32: Building] INFO  o.a.m.s.f.DefaultMavenResourcesFiltering - Copying 0 resource from src/main/resources to target/classes
2023-09-04 16:45:15,958 [Worker-32: Building] INFO  o.a.m.s.f.DefaultMavenResourcesFiltering - skip non existing resourceDirectory /home/faizansopariwala/git/NMPC/src/test/resources
2023-09-04 16:45:51,245 [Worker-35: Building] INFO  o.e.m.c.i.l.LifecycleMappingFactory - Using org.eclipse.m2e.jdt.JarLifecycleMapping lifecycle mapping for MavenProject: com.codemind:PlayCenter:0.0.1-SNAPSHOT @ /home/faizansopariwala/git/NMPC/pom.xml.
2023-09-04 16:45:53,393 [Worker-35: Building] INFO  o.e.m.c.i.e.AbstractTransferListenerAdapter - Downloaded https://artifactory.ezdicloud.com/artifactory/ezdi-lib-release/org/springframework/boot/spring-boot-devtools/3.0.0/spring-boot-devtools-3.0.0.pom
2023-09-04 16:45:55,050 [Worker-35: Building] INFO  o.e.m.c.i.e.AbstractTransferListenerAdapter - Downloading https://repo.maven.apache.org/maven2/org/springframework/boot/spring-boot-devtools/3.0.0/spring-boot-devtools-3.0.0.pom
2023-09-04 16:45:55,551 [Worker-35: Building] INFO  o.e.m.c.i.e.AbstractTransferListenerAdapter - Downloaded https://repo.maven.apache.org/maven2/org/springframework/boot/spring-boot-devtools/3.0.0/spring-boot-devtools-3.0.0.pom
2023-09-04 16:45:55,848 [Worker-35: Building] INFO  o.e.m.c.i.e.AbstractTransferListenerAdapter - Downloaded https://artifactory.ezdicloud.com/artifactory/ezdi-lib-release/org/springframework/boot/spring-boot-devtools/3.0.0/spring-boot-devtools-3.0.0.jar
2023-09-04 16:45:56,157 [Worker-35: Building] INFO  o.e.m.c.i.e.AbstractTransferListenerAdapter - Downloading https://repo.maven.apache.org/maven2/org/springframework/boot/spring-boot-devtools/3.0.0/spring-boot-devtools-3.0.0.jar
2023-09-04 16:45:57,694 [Worker-35: Building] INFO  o.e.m.c.i.e.AbstractTransferListenerAdapter - Downloaded https://repo.maven.apache.org/maven2/org/springframework/boot/spring-boot-devtools/3.0.0/spring-boot-devtools-3.0.0.jar
2023-09-04 16:45:57,921 [Worker-35: Building] INFO  o.a.m.s.f.DefaultMavenResourcesFiltering - Copying 0 resource
2023-09-04 16:45:57,922 [Worker-35: Building] INFO  o.a.m.s.f.DefaultMavenResourcesFiltering - Copying 0 resource
2023-09-04 16:45:57,924 [Worker-35: Building] INFO  o.a.m.s.f.DefaultMavenResourcesFiltering - skip non existing resourceDirectory /home/faizansopariwala/git/NMPC/src/test/resources
2023-09-04 16:45:59,269 [Worker-32: Building] INFO  o.a.m.s.f.DefaultMavenResourcesFiltering - Copying 1 resource
2023-09-04 16:45:59,280 [Worker-32: Building] INFO  o.a.m.s.f.DefaultMavenResourcesFiltering - Copying 125 resources
2023-09-04 16:45:59,309 [Worker-32: Building] INFO  o.a.m.s.f.DefaultMavenResourcesFiltering - skip non existing resourceDirectory /home/faizansopariwala/git/NMPC/src/test/resources
2023-09-04 16:46:00,369 [Worker-33: Download sources and javadoc] INFO  o.e.m.c.i.e.AbstractTransferListenerAdapter - Downloaded https://artifactory.ezdicloud.com/artifactory/ezdi-lib-release/org/thymeleaf/extras/thymeleaf-extras-springsecurity6/3.1.0.RELEASE/thymeleaf-extras-springsecurity6-3.1.0.RELEASE-sources.jar
2023-09-04 16:46:01,654 [Worker-33: Download sources and javadoc] INFO  o.e.m.c.i.e.AbstractTransferListenerAdapter - Downloading https://repo.maven.apache.org/maven2/org/thymeleaf/extras/thymeleaf-extras-springsecurity6/3.1.0.RELEASE/thymeleaf-extras-springsecurity6-3.1.0.RELEASE-sources.jar
2023-09-04 16:46:02,319 [Worker-33: Download sources and javadoc] INFO  o.e.m.c.i.e.AbstractTransferListenerAdapter - Downloaded https://repo.maven.apache.org/maven2/org/thymeleaf/extras/thymeleaf-extras-springsecurity6/3.1.0.RELEASE/thymeleaf-extras-springsecurity6-3.1.0.RELEASE-sources.jar
2023-09-04 16:46:02,322 [Worker-33: Download sources and javadoc] INFO  o.e.m.j.internal.DownloadSourcesJob - Downloaded sources for org.thymeleaf.extras:thymeleaf-extras-springsecurity6:3.1.0.RELEASE
2023-09-04 16:46:04,400 [Worker-33: Download sources and javadoc] INFO  o.e.m.c.i.e.AbstractTransferListenerAdapter - Downloaded https://artifactory.ezdicloud.com/artifactory/ezdi-lib-release/org/springframework/boot/spring-boot-devtools/3.0.0/spring-boot-devtools-3.0.0-sources.jar
2023-09-04 16:46:05,591 [Worker-33: Download sources and javadoc] INFO  o.e.m.c.i.e.AbstractTransferListenerAdapter - Downloading https://repo.maven.apache.org/maven2/org/springframework/boot/spring-boot-devtools/3.0.0/spring-boot-devtools-3.0.0-sources.jar
2023-09-04 16:46:06,458 [Worker-33: Download sources and javadoc] INFO  o.e.m.c.i.e.AbstractTransferListenerAdapter - Downloaded https://repo.maven.apache.org/maven2/org/springframework/boot/spring-boot-devtools/3.0.0/spring-boot-devtools-3.0.0-sources.jar
2023-09-04 16:46:06,460 [Worker-33: Download sources and javadoc] INFO  o.e.m.j.internal.DownloadSourcesJob - Downloaded sources for org.springframework.boot:spring-boot-devtools:3.0.0
2023-09-04 16:46:06,684 [Worker-34: Building] INFO  o.a.m.s.f.DefaultMavenResourcesFiltering - Copying 0 resource
2023-09-04 16:46:06,684 [Worker-34: Building] INFO  o.a.m.s.f.DefaultMavenResourcesFiltering - Copying 0 resource
2023-09-04 16:46:06,686 [Worker-34: Building] INFO  o.a.m.s.f.DefaultMavenResourcesFiltering - skip non existing resourceDirectory /home/faizansopariwala/git/NMPC/src/test/resources
2023-09-04 16:46:17,589 [Worker-28: Updating Maven Project] INFO  o.e.m.c.i.p.ProjectConfigurationManager - Update started
2023-09-04 16:46:17,752 [Worker-28: Updating Maven Project] INFO  o.e.m.c.i.l.LifecycleMappingFactory - Using org.eclipse.m2e.jdt.JarLifecycleMapping lifecycle mapping for MavenProject: com.codemind:PlayCenter:0.0.1-SNAPSHOT @ /home/faizansopariwala/git/NMPC/pom.xml.
2023-09-04 16:46:17,902 [Worker-28: Updating Maven Project] INFO  o.e.m.j.i.AbstractJavaProjectConfigurator - Adding source folder /PlayCenter/src/main/java
2023-09-04 16:46:17,902 [Worker-28: Updating Maven Project] INFO  o.e.m.j.i.AbstractJavaProjectConfigurator - Adding resource folder /PlayCenter/src/main/resources
2023-09-04 16:46:17,903 [Worker-28: Updating Maven Project] INFO  o.e.m.j.i.AbstractJavaProjectConfigurator - Adding resource folder /PlayCenter/src/main/resources
2023-09-04 16:46:17,905 [Worker-28: Updating Maven Project] INFO  o.e.m.j.i.AbstractJavaProjectConfigurator - Adding source folder /PlayCenter/src/test/java
2023-09-04 16:46:18,030 [Worker-28: Updating Maven Project] INFO  o.e.m.c.i.p.ProjectConfigurationManager - Update completed: 0 sec
2023-09-04 16:46:18,267 [Worker-35: Building] INFO  o.a.m.s.f.DefaultMavenResourcesFiltering - Copying 1 resource
2023-09-04 16:46:18,279 [Worker-35: Building] INFO  o.a.m.s.f.DefaultMavenResourcesFiltering - Copying 125 resources
2023-09-04 16:46:18,314 [Worker-35: Building] INFO  o.a.m.s.f.DefaultMavenResourcesFiltering - skip non existing resourceDirectory /home/faizansopariwala/git/NMPC/src/test/resources
2023-09-04 16:46:24,346 [Worker-28: Launching Executing install in _home_faizansopariwala_git_NMPC] INFO  o.e.m.i.launch.MavenLaunchDelegate - /home/faizansopariwala/git/NMPC
2023-09-04 16:46:24,346 [Worker-28: Launching Executing install in _home_faizansopariwala_git_NMPC] INFO  o.e.m.i.launch.MavenLaunchDelegate -  mvn -B -Dstyle.color=always install
2023-09-04 16:46:33,590 [Worker-32: Building] INFO  o.a.m.s.f.DefaultMavenResourcesFiltering - Copying 0 resource
2023-09-04 16:46:33,590 [Worker-32: Building] INFO  o.a.m.s.f.DefaultMavenResourcesFiltering - Copying 0 resource
2023-09-04 16:46:33,594 [Worker-32: Building] INFO  o.a.m.s.f.DefaultMavenResourcesFiltering - skip non existing resourceDirectory /home/faizansopariwala/git/NMPC/src/test/resources
2023-09-04 18:11:48,452 [Worker-36: Launching Executing install in _home_faizansopariwala_git_NMPC] INFO  o.e.m.i.launch.MavenLaunchDelegate - /home/faizansopariwala/git/NMPC
2023-09-04 18:11:48,453 [Worker-36: Launching Executing install in _home_faizansopariwala_git_NMPC] INFO  o.e.m.i.launch.MavenLaunchDelegate -  mvn -B -Dstyle.color=always install
2023-09-04 18:11:56,257 [Worker-38: Building] INFO  o.a.m.s.f.DefaultMavenResourcesFiltering - Copying 0 resource
2023-09-04 18:11:56,257 [Worker-38: Building] INFO  o.a.m.s.f.DefaultMavenResourcesFiltering - Copying 0 resource
2023-09-04 18:11:56,260 [Worker-38: Building] INFO  o.a.m.s.f.DefaultMavenResourcesFiltering - skip non existing resourceDirectory /home/faizansopariwala/git/NMPC/src/test/resources
2023-09-04 18:12:07,781 [main] INFO  o.e.m2e.actions.ExecutePomAction - Creating new launch configuration
2023-09-04 18:12:41,115 [Worker-36: Launching NMPC (8)] INFO  o.e.m.i.launch.MavenLaunchDelegate - /home/faizansopariwala/git/NMPC
2023-09-04 18:12:41,115 [Worker-36: Launching NMPC (8)] INFO  o.e.m.i.launch.MavenLaunchDelegate -  mvn -B -Dstyle.color=always clean install -U
2023-09-04 18:13:10,790 [Worker-33: Building] INFO  o.e.m.c.i.l.LifecycleMappingFactory - Using org.eclipse.m2e.jdt.JarLifecycleMapping lifecycle mapping for MavenProject: com.codemind:PlayCenter:0.0.1-SNAPSHOT @ /home/faizansopariwala/git/NMPC/pom.xml.
2023-09-04 18:13:10,967 [Worker-33: Building] INFO  o.a.m.s.f.DefaultMavenResourcesFiltering - Copying 0 resource
2023-09-04 18:13:10,967 [Worker-33: Building] INFO  o.a.m.s.f.DefaultMavenResourcesFiltering - Copying 0 resource
2023-09-04 18:13:10,969 [Worker-33: Building] INFO  o.a.m.s.f.DefaultMavenResourcesFiltering - skip non existing resourceDirectory /home/faizansopariwala/git/NMPC/src/test/resources
2023-09-04 18:13:50,108 [Worker-33: Launching Executing clean in _home_faizansopariwala_git_NMPC] INFO  o.e.m.i.launch.MavenLaunchDelegate - /home/faizansopariwala/git/NMPC
2023-09-04 18:13:50,108 [Worker-33: Launching Executing clean in _home_faizansopariwala_git_NMPC] INFO  o.e.m.i.launch.MavenLaunchDelegate -  mvn -B -Dstyle.color=always clean
2023-09-04 18:13:51,603 [Worker-37: Building] INFO  o.a.m.s.f.DefaultMavenResourcesFiltering - Copying 1 resource
2023-09-04 18:13:51,616 [Worker-37: Building] INFO  o.a.m.s.f.DefaultMavenResourcesFiltering - Copying 125 resources
2023-09-04 18:13:51,652 [Worker-37: Building] INFO  o.a.m.s.f.DefaultMavenResourcesFiltering - skip non existing resourceDirectory /home/faizansopariwala/git/NMPC/src/test/resources
2023-09-04 18:14:05,277 [Worker-36: Launching Executing install in _home_faizansopariwala_git_NMPC] INFO  o.e.m.i.launch.MavenLaunchDelegate - /home/faizansopariwala/git/NMPC
2023-09-04 18:14:05,277 [Worker-36: Launching Executing install in _home_faizansopariwala_git_NMPC] INFO  o.e.m.i.launch.MavenLaunchDelegate -  mvn -B -Dstyle.color=always install
2023-09-04 18:14:15,502 [Worker-39: Building] INFO  o.a.m.s.f.DefaultMavenResourcesFiltering - Copying 1 resource
2023-09-04 18:14:15,509 [Worker-39: Building] INFO  o.a.m.s.f.DefaultMavenResourcesFiltering - Copying 125 resources
2023-09-04 18:14:15,515 [Worker-39: Building] INFO  o.a.m.s.f.DefaultMavenResourcesFiltering - skip non existing resourceDirectory /home/faizansopariwala/git/NMPC/src/test/resources
2023-09-04 18:14:32,370 [Worker-40: Launching NMPC (1)] INFO  o.e.m.i.launch.MavenLaunchDelegate - /home/faizansopariwala/git/NMPC
2023-09-04 18:14:32,371 [Worker-40: Launching NMPC (1)] INFO  o.e.m.i.launch.MavenLaunchDelegate -  mvn -B -Dstyle.color=always clean install -U
2023-09-04 18:23:13,632 [Worker-33: Building] INFO  o.e.m.c.i.l.LifecycleMappingFactory - Using org.eclipse.m2e.jdt.JarLifecycleMapping lifecycle mapping for MavenProject: com.codemind:PlayCenter:0.0.1-SNAPSHOT @ /home/faizansopariwala/git/NMPC/pom.xml.
2023-09-04 18:23:13,787 [Worker-33: Building] INFO  o.a.m.s.f.DefaultMavenResourcesFiltering - Copying 0 resource
2023-09-04 18:23:13,787 [Worker-33: Building] INFO  o.a.m.s.f.DefaultMavenResourcesFiltering - Copying 0 resource
2023-09-04 18:23:13,789 [Worker-33: Building] INFO  o.a.m.s.f.DefaultMavenResourcesFiltering - skip non existing resourceDirectory /home/faizansopariwala/git/NMPC/src/test/resources
2023-09-04 18:26:31,658 [Worker-43: Building] INFO  o.e.m.c.i.l.LifecycleMappingFactory - Using org.eclipse.m2e.jdt.JarLifecycleMapping lifecycle mapping for MavenProject: com.codemind:PlayCenter:0.0.1-SNAPSHOT @ /home/faizansopariwala/git/NMPC/pom.xml.
2023-09-04 18:26:32,144 [Worker-43: Building] INFO  o.a.m.s.f.DefaultMavenResourcesFiltering - Copying 0 resource from src/main/resources to target/classes
2023-09-04 18:26:32,144 [Worker-43: Building] INFO  o.a.m.s.f.DefaultMavenResourcesFiltering - Copying 0 resource from src/main/resources to target/classes
2023-09-04 18:26:32,146 [Worker-43: Building] INFO  o.a.m.s.f.DefaultMavenResourcesFiltering - skip non existing resourceDirectory /home/faizansopariwala/git/NMPC/src/test/resources
2023-09-04 18:26:33,403 [Worker-46: Building] INFO  o.a.m.s.f.DefaultMavenResourcesFiltering - Copying 1 resource from src/main/resources to target/classes
2023-09-04 18:26:33,418 [Worker-46: Building] INFO  o.a.m.s.f.DefaultMavenResourcesFiltering - Copying 125 resources from src/main/resources to target/classes
2023-09-04 18:26:33,482 [Worker-46: Building] INFO  o.a.m.s.f.DefaultMavenResourcesFiltering - skip non existing resourceDirectory /home/faizansopariwala/git/NMPC/src/test/resources
2023-09-04 18:27:44,425 [Worker-45: Updating Maven Project] INFO  o.e.m.c.i.p.ProjectConfigurationManager - Update started
2023-09-04 18:27:44,585 [Worker-45: Updating Maven Project] INFO  o.e.m.c.i.l.LifecycleMappingFactory - Using org.eclipse.m2e.jdt.JarLifecycleMapping lifecycle mapping for MavenProject: com.codemind:PlayCenter:0.0.1-SNAPSHOT @ /home/faizansopariwala/git/NMPC/pom.xml.
2023-09-04 18:27:44,755 [Worker-45: Updating Maven Project] INFO  o.e.m.j.i.AbstractJavaProjectConfigurator - Adding source folder /PlayCenter/src/main/java
2023-09-04 18:27:44,755 [Worker-45: Updating Maven Project] INFO  o.e.m.j.i.AbstractJavaProjectConfigurator - Adding resource folder /PlayCenter/src/main/resources
2023-09-04 18:27:44,756 [Worker-45: Updating Maven Project] INFO  o.e.m.j.i.AbstractJavaProjectConfigurator - Adding resource folder /PlayCenter/src/main/resources
2023-09-04 18:27:44,758 [Worker-45: Updating Maven Project] INFO  o.e.m.j.i.AbstractJavaProjectConfigurator - Adding source folder /PlayCenter/src/test/java
2023-09-04 18:27:45,042 [Worker-45: Updating Maven Project] INFO  o.e.m.c.i.p.ProjectConfigurationManager - Update completed: 0 sec
2023-09-04 18:27:45,188 [Worker-42: Building] INFO  o.a.m.s.f.DefaultMavenResourcesFiltering - Copying 1 resource from src/main/resources to target/classes
2023-09-04 18:27:45,202 [Worker-42: Building] INFO  o.a.m.s.f.DefaultMavenResourcesFiltering - Copying 125 resources from src/main/resources to target/classes
2023-09-04 18:27:45,265 [Worker-42: Building] INFO  o.a.m.s.f.DefaultMavenResourcesFiltering - skip non existing resourceDirectory /home/faizansopariwala/git/NMPC/src/test/resources
2023-09-06 17:36:22,141 [Worker-1: Loading available Gradle versions] INFO  o.e.b.c.i.u.g.PublishedGradleVersions - Gradle version information cache is out-of-date. Trying to update.
2023-09-06 17:37:34,731 [Worker-6: Updating Maven Project] INFO  o.e.m.c.i.p.ProjectConfigurationManager - Update started
2023-09-06 17:37:35,088 [Worker-6: Updating Maven Project] INFO  o.e.m.c.i.l.LifecycleMappingFactory - Using org.eclipse.m2e.jdt.JarLifecycleMapping lifecycle mapping for MavenProject: com.codemind:PlayCenter:0.0.1-SNAPSHOT @ /home/faizansopariwala/git/NMPC/pom.xml.
2023-09-06 17:37:35,397 [Worker-6: Updating Maven Project] INFO  o.e.m.j.i.AbstractJavaProjectConfigurator - Adding source folder /PlayCenter/src/main/java
2023-09-06 17:37:35,397 [Worker-6: Updating Maven Project] INFO  o.e.m.j.i.AbstractJavaProjectConfigurator - Adding resource folder /PlayCenter/src/main/resources
2023-09-06 17:37:35,399 [Worker-6: Updating Maven Project] INFO  o.e.m.j.i.AbstractJavaProjectConfigurator - Adding resource folder /PlayCenter/src/main/resources
2023-09-06 17:37:35,401 [Worker-6: Updating Maven Project] INFO  o.e.m.j.i.AbstractJavaProjectConfigurator - Adding source folder /PlayCenter/src/test/java
2023-09-06 17:37:35,706 [Worker-6: Updating Maven Project] INFO  o.e.m.c.i.p.ProjectConfigurationManager - Update completed: 0 sec
2023-09-06 17:37:35,860 [Worker-5: Building] INFO  o.a.m.s.f.DefaultMavenResourcesFiltering - Copying 1 resource from src/main/resources to target/classes
2023-09-06 17:37:35,875 [Worker-5: Building] INFO  o.a.m.s.f.DefaultMavenResourcesFiltering - Copying 125 resources from src/main/resources to target/classes
2023-09-06 17:37:35,908 [Worker-5: Building] INFO  o.a.m.s.f.DefaultMavenResourcesFiltering - skip non existing resourceDirectory /home/faizansopariwala/git/NMPC/src/test/resources
2023-09-06 17:38:19,784 [Worker-14: Launching Executing clean in _home_faizansopariwala_git_NMPC] INFO  o.e.m.i.launch.MavenLaunchDelegate - /home/faizansopariwala/git/NMPC
2023-09-06 17:38:19,786 [Worker-14: Launching Executing clean in _home_faizansopariwala_git_NMPC] INFO  o.e.m.i.launch.MavenLaunchDelegate -  mvn -B -Dstyle.color=always clean
2023-09-06 17:38:46,694 [Worker-8: Launching Executing install in _home_faizansopariwala_git_NMPC] INFO  o.e.m.i.launch.MavenLaunchDelegate - /home/faizansopariwala/git/NMPC
2023-09-06 17:38:46,694 [Worker-8: Launching Executing install in _home_faizansopariwala_git_NMPC] INFO  o.e.m.i.launch.MavenLaunchDelegate -  mvn -B -Dstyle.color=always install
2023-09-06 17:38:59,649 [Worker-6: Launching Executing clean in _home_faizansopariwala_git_NMPC] INFO  o.e.m.i.launch.MavenLaunchDelegate - /home/faizansopariwala/git/NMPC
2023-09-06 17:38:59,649 [Worker-6: Launching Executing clean in _home_faizansopariwala_git_NMPC] INFO  o.e.m.i.launch.MavenLaunchDelegate -  mvn -B -Dstyle.color=always clean
2023-09-06 17:39:14,074 [main] INFO  o.e.m2e.actions.ExecutePomAction - Creating new launch configuration
2023-09-06 17:39:25,070 [Worker-8: Launching NMPC (9)] INFO  o.e.m.i.launch.MavenLaunchDelegate - /home/faizansopariwala/git/NMPC
2023-09-06 17:39:25,071 [Worker-8: Launching NMPC (9)] INFO  o.e.m.i.launch.MavenLaunchDelegate -  mvn -B -Dstyle.color=always clean install -U
2023-09-06 17:39:40,788 [Worker-2: Building] INFO  o.e.m.c.i.l.LifecycleMappingFactory - Using org.eclipse.m2e.jdt.JarLifecycleMapping lifecycle mapping for MavenProject: com.codemind:PlayCenter:0.0.1-SNAPSHOT @ /home/faizansopariwala/git/NMPC/pom.xml.
2023-09-06 17:39:41,162 [Worker-2: Building] INFO  o.a.m.s.f.DefaultMavenResourcesFiltering - Copying 0 resource
2023-09-06 17:39:41,162 [Worker-2: Building] INFO  o.a.m.s.f.DefaultMavenResourcesFiltering - Copying 0 resource
2023-09-06 17:39:41,165 [Worker-2: Building] INFO  o.a.m.s.f.DefaultMavenResourcesFiltering - skip non existing resourceDirectory /home/faizansopariwala/git/NMPC/src/test/resources
2023-09-06 17:39:47,275 [Worker-13: Building] INFO  o.e.m.c.i.l.LifecycleMappingFactory - Using org.eclipse.m2e.jdt.JarLifecycleMapping lifecycle mapping for MavenProject: com.codemind:PlayCenter:0.0.1-SNAPSHOT @ /home/faizansopariwala/git/NMPC/pom.xml.
2023-09-06 17:39:47,481 [Worker-13: Building] INFO  o.a.m.s.f.DefaultMavenResourcesFiltering - Copying 0 resource from src/main/resources to target/classes
2023-09-06 17:39:47,482 [Worker-13: Building] INFO  o.a.m.s.f.DefaultMavenResourcesFiltering - Copying 0 resource from src/main/resources to target/classes
2023-09-06 17:39:47,484 [Worker-13: Building] INFO  o.a.m.s.f.DefaultMavenResourcesFiltering - skip non existing resourceDirectory /home/faizansopariwala/git/NMPC/src/test/resources
2023-09-06 17:39:53,420 [Worker-7: Building] INFO  o.e.m.c.i.l.LifecycleMappingFactory - Using org.eclipse.m2e.jdt.JarLifecycleMapping lifecycle mapping for MavenProject: com.codemind:PlayCenter:0.0.1-SNAPSHOT @ /home/faizansopariwala/git/NMPC/pom.xml.
2023-09-06 17:39:53,615 [Worker-7: Building] INFO  o.a.m.s.f.DefaultMavenResourcesFiltering - Copying 0 resource from src/main/resources to target/classes
2023-09-06 17:39:53,615 [Worker-7: Building] INFO  o.a.m.s.f.DefaultMavenResourcesFiltering - Copying 0 resource from src/main/resources to target/classes
2023-09-06 17:39:53,618 [Worker-7: Building] INFO  o.a.m.s.f.DefaultMavenResourcesFiltering - skip non existing resourceDirectory /home/faizansopariwala/git/NMPC/src/test/resources
2023-09-06 17:41:14,608 [Worker-1: Launching Executing clean in _home_faizansopariwala_git_NMPC] INFO  o.e.m.i.launch.MavenLaunchDelegate - /home/faizansopariwala/git/NMPC
2023-09-06 17:41:14,608 [Worker-1: Launching Executing clean in _home_faizansopariwala_git_NMPC] INFO  o.e.m.i.launch.MavenLaunchDelegate -  mvn -B -Dstyle.color=always clean
2023-09-06 17:41:33,647 [Worker-22: Updating Maven Project] INFO  o.e.m.c.i.p.ProjectConfigurationManager - Update started
2023-09-06 17:41:33,801 [Worker-22: Updating Maven Project] INFO  o.e.m.c.i.l.LifecycleMappingFactory - Using org.eclipse.m2e.jdt.JarLifecycleMapping lifecycle mapping for MavenProject: com.codemind:PlayCenter:0.0.1-SNAPSHOT @ /home/faizansopariwala/git/NMPC/pom.xml.
2023-09-06 17:41:34,024 [Worker-22: Updating Maven Project] INFO  o.e.m.j.i.AbstractJavaProjectConfigurator - Adding source folder /PlayCenter/src/main/java
2023-09-06 17:41:34,024 [Worker-22: Updating Maven Project] INFO  o.e.m.j.i.AbstractJavaProjectConfigurator - Adding resource folder /PlayCenter/src/main/resources
2023-09-06 17:41:34,025 [Worker-22: Updating Maven Project] INFO  o.e.m.j.i.AbstractJavaProjectConfigurator - Adding resource folder /PlayCenter/src/main/resources
2023-09-06 17:41:34,027 [Worker-22: Updating Maven Project] INFO  o.e.m.j.i.AbstractJavaProjectConfigurator - Adding source folder /PlayCenter/src/test/java
2023-09-06 17:41:34,478 [Worker-22: Updating Maven Project] INFO  o.e.m.c.i.p.ProjectConfigurationManager - Update completed: 0 sec
2023-09-06 17:41:34,811 [Worker-1: Building] INFO  o.a.m.s.f.DefaultMavenResourcesFiltering - Copying 1 resource from src/main/resources to target/classes
2023-09-06 17:41:34,821 [Worker-1: Building] INFO  o.a.m.s.f.DefaultMavenResourcesFiltering - Copying 125 resources from src/main/resources to target/classes
2023-09-06 17:41:34,852 [Worker-1: Building] INFO  o.a.m.s.f.DefaultMavenResourcesFiltering - skip non existing resourceDirectory /home/faizansopariwala/git/NMPC/src/test/resources
2023-09-06 17:43:20,358 [Worker-23: Building] INFO  o.e.m.c.i.l.LifecycleMappingFactory - Using org.eclipse.m2e.jdt.JarLifecycleMapping lifecycle mapping for MavenProject: com.codemind:PlayCenter:0.0.1-SNAPSHOT @ /home/faizansopariwala/git/NMPC/pom.xml.
2023-09-06 17:43:20,572 [Worker-23: Building] INFO  o.a.m.s.f.DefaultMavenResourcesFiltering - Copying 0 resource from src/main/resources to target/classes
2023-09-06 17:43:20,572 [Worker-23: Building] INFO  o.a.m.s.f.DefaultMavenResourcesFiltering - Copying 0 resource from src/main/resources to target/classes
2023-09-06 17:43:20,575 [Worker-23: Building] INFO  o.a.m.s.f.DefaultMavenResourcesFiltering - skip non existing resourceDirectory /home/faizansopariwala/git/NMPC/src/test/resources
2023-09-06 17:43:26,413 [Worker-23: Updating Maven Project] INFO  o.e.m.c.i.p.ProjectConfigurationManager - Update started
2023-09-06 17:43:26,600 [Worker-23: Updating Maven Project] INFO  o.e.m.c.i.l.LifecycleMappingFactory - Using org.eclipse.m2e.jdt.JarLifecycleMapping lifecycle mapping for MavenProject: com.codemind:PlayCenter:0.0.1-SNAPSHOT @ /home/faizansopariwala/git/NMPC/pom.xml.
2023-09-06 17:43:26,752 [Worker-23: Updating Maven Project] INFO  o.e.m.j.i.AbstractJavaProjectConfigurator - Adding source folder /PlayCenter/src/main/java
2023-09-06 17:43:26,752 [Worker-23: Updating Maven Project] INFO  o.e.m.j.i.AbstractJavaProjectConfigurator - Adding resource folder /PlayCenter/src/main/resources
2023-09-06 17:43:26,753 [Worker-23: Updating Maven Project] INFO  o.e.m.j.i.AbstractJavaProjectConfigurator - Adding resource folder /PlayCenter/src/main/resources
2023-09-06 17:43:26,755 [Worker-23: Updating Maven Project] INFO  o.e.m.j.i.AbstractJavaProjectConfigurator - Adding source folder /PlayCenter/src/test/java
2023-09-06 17:43:26,919 [Worker-23: Updating Maven Project] INFO  o.e.m.c.i.p.ProjectConfigurationManager - Update completed: 0 sec
2023-09-06 17:43:27,103 [Worker-25: Building] INFO  o.a.m.s.f.DefaultMavenResourcesFiltering - Copying 1 resource from src/main/resources to target/classes
2023-09-06 17:43:27,115 [Worker-25: Building] INFO  o.a.m.s.f.DefaultMavenResourcesFiltering - Copying 125 resources from src/main/resources to target/classes
2023-09-06 17:43:27,153 [Worker-25: Building] INFO  o.a.m.s.f.DefaultMavenResourcesFiltering - skip non existing resourceDirectory /home/faizansopariwala/git/NMPC/src/test/resources
2023-10-04 20:03:34,050 [Worker-7: Building] INFO  o.a.m.s.f.DefaultMavenResourcesFiltering - Copying 0 resource from src/main/resources to target/classes
2023-10-04 20:03:34,051 [Worker-7: Building] INFO  o.a.m.s.f.DefaultMavenResourcesFiltering - Copying 1 resource from src/main/resources to target/classes
2023-10-04 20:03:34,055 [Worker-7: Building] INFO  o.a.m.s.f.DefaultMavenResourcesFiltering - skip non existing resourceDirectory /home/faizansopariwala/git/NMPC/src/test/resources
2023-10-04 20:03:37,908 [Worker-22: Building] INFO  o.a.m.s.f.DefaultMavenResourcesFiltering - Copying 1 resource from src/main/resources to target/classes
2023-10-04 20:03:37,912 [Worker-22: Building] INFO  o.a.m.s.f.DefaultMavenResourcesFiltering - Copying 129 resources from src/main/resources to target/classes
2023-10-04 20:03:37,919 [Worker-22: Building] INFO  o.a.m.s.f.DefaultMavenResourcesFiltering - skip non existing resourceDirectory /home/faizansopariwala/git/NMPC/src/test/resources
2023-10-04 20:03:49,533 [Worker-22: Building] INFO  o.a.m.s.f.DefaultMavenResourcesFiltering - Copying 1 resource from src/main/resources to target/classes
2023-10-04 20:03:49,539 [Worker-22: Building] INFO  o.a.m.s.f.DefaultMavenResourcesFiltering - Copying 129 resources from src/main/resources to target/classes
2023-10-04 20:03:49,546 [Worker-22: Building] INFO  o.a.m.s.f.DefaultMavenResourcesFiltering - skip non existing resourceDirectory /home/faizansopariwala/git/NMPC/src/test/resources
2023-10-04 20:05:18,376 [Worker-26: Building] INFO  o.a.m.s.f.DefaultMavenResourcesFiltering - Copying 0 resource from src/main/resources to target/classes
2023-10-04 20:05:18,376 [Worker-26: Building] INFO  o.a.m.s.f.DefaultMavenResourcesFiltering - Copying 0 resource from src/main/resources to target/classes
2023-10-04 20:05:18,378 [Worker-26: Building] INFO  o.a.m.s.f.DefaultMavenResourcesFiltering - skip non existing resourceDirectory /home/faizansopariwala/git/NMPC/src/test/resources
2023-10-04 20:05:27,556 [Worker-26: Launching NMPC (1)] INFO  o.e.m.i.launch.MavenLaunchDelegate - /home/faizansopariwala/git/NMPC
2023-10-04 20:05:27,558 [Worker-26: Launching NMPC (1)] INFO  o.e.m.i.launch.MavenLaunchDelegate -  mvn -B -Dstyle.color=always clean install -U
2023-10-05 12:34:13,108 [Worker-6: Loading available Gradle versions] INFO  o.e.b.c.i.u.g.PublishedGradleVersions - Gradle version information cache is up-to-date. Trying to read.
2023-10-06 10:56:41,393 [Worker-3: Loading available Gradle versions] INFO  o.e.b.c.i.u.g.PublishedGradleVersions - Gradle version information cache is out-of-date. Trying to update.
2023-10-06 12:08:31,475 [Worker-23: Updating Maven Project] INFO  o.e.m.c.i.p.ProjectConfigurationManager - Update started
2023-10-06 12:08:31,479 [Worker-23: Updating Maven Project] INFO  o.e.m.c.i.p.ProjectConfigurationManager - Update completed: 0 sec
2023-10-06 12:08:45,131 [Worker-22: Updating Maven Project] INFO  o.e.m.c.i.p.ProjectConfigurationManager - Update started
2023-10-06 12:08:45,132 [Worker-22: Updating Maven Project] INFO  o.e.m.c.i.p.ProjectConfigurationManager - Update completed: 0 sec
2023-10-06 12:10:03,589 [Worker-20: Building] INFO  o.a.m.s.f.DefaultMavenResourcesFiltering - Copying 1 resource from src/main/resources to target/classes
2023-10-06 12:10:03,615 [Worker-20: Building] INFO  o.a.m.s.f.DefaultMavenResourcesFiltering - Copying 129 resources from src/main/resources to target/classes
2023-10-06 12:10:03,689 [Worker-20: Building] INFO  o.a.m.s.f.DefaultMavenResourcesFiltering - skip non existing resourceDirectory /home/faizansopariwala/git/NMPC/src/test/resources
2023-10-06 12:10:31,473 [Worker-23: Building] INFO  o.a.m.s.f.DefaultMavenResourcesFiltering - Copying 0 resource from src/main/resources to target/classes
2023-10-06 12:10:31,473 [Worker-23: Building] INFO  o.a.m.s.f.DefaultMavenResourcesFiltering - Copying 1 resource from src/main/resources to target/classes
2023-10-06 12:10:31,477 [Worker-23: Building] INFO  o.a.m.s.f.DefaultMavenResourcesFiltering - skip non existing resourceDirectory /home/faizansopariwala/git/NMPC/src/test/resources
2023-10-06 12:11:03,586 [Worker-16: Building] INFO  o.a.m.s.f.DefaultMavenResourcesFiltering - Copying 0 resource from src/main/resources to target/classes
2023-10-06 12:11:03,586 [Worker-16: Building] INFO  o.a.m.s.f.DefaultMavenResourcesFiltering - Copying 1 resource from src/main/resources to target/classes
2023-10-06 12:11:03,592 [Worker-16: Building] INFO  o.a.m.s.f.DefaultMavenResourcesFiltering - skip non existing resourceDirectory /home/faizansopariwala/git/NMPC/src/test/resources
2023-10-06 12:11:05,645 [Worker-23: Building] INFO  o.a.m.s.f.DefaultMavenResourcesFiltering - Copying 0 resource from src/main/resources to target/classes
2023-10-06 12:11:05,646 [Worker-23: Building] INFO  o.a.m.s.f.DefaultMavenResourcesFiltering - Copying 1 resource from src/main/resources to target/classes
2023-10-06 12:11:05,648 [Worker-23: Building] INFO  o.a.m.s.f.DefaultMavenResourcesFiltering - skip non existing resourceDirectory /home/faizansopariwala/git/NMPC/src/test/resources
2023-10-06 12:23:29,525 [Worker-26: Building] INFO  o.a.m.s.f.DefaultMavenResourcesFiltering - Copying 1 resource from src/main/resources to target/classes
2023-10-06 12:23:29,529 [Worker-26: Building] INFO  o.a.m.s.f.DefaultMavenResourcesFiltering - Copying 129 resources from src/main/resources to target/classes
2023-10-06 12:23:29,535 [Worker-26: Building] INFO  o.a.m.s.f.DefaultMavenResourcesFiltering - skip non existing resourceDirectory /home/faizansopariwala/git/NMPC/src/test/resources
2023-10-06 12:29:24,303 [Start Help Server] INFO  org.eclipse.jetty.server.Server - jetty-10.0.11; built: 2022-06-21T21:12:44.640Z; git: d988aa016e0bb2de6fba84c1659049c72eae3e32; jvm 17.0.4.1+1
2023-10-06 12:29:24,316 [Start Help Server] INFO  o.e.j.s.s.DefaultSessionIdManager - Session workerName=node0
2023-10-06 12:29:24,335 [Start Help Server] INFO  o.e.j.server.handler.ContextHandler - Started o.e.j.s.ServletContextHandler@2e71bdf1{/help,null,AVAILABLE}
2023-10-06 12:29:24,343 [Start Help Server] INFO  o.e.jetty.server.AbstractConnector - Started ServerConnector@51cdcd6c{HTTP/1.1, (http/1.1)}{127.0.0.1:34951}
2023-10-06 12:29:24,344 [Start Help Server] INFO  org.eclipse.jetty.server.Server - Started Server@36e216a6{STARTING}[10.0.11,sto=0] @5574944ms
2023-10-06 12:29:30,360 [Worker-33: Building] INFO  o.a.m.s.f.DefaultMavenResourcesFiltering - Copying 1 resource from src/main/resources to target/classes
2023-10-06 12:29:30,370 [Worker-33: Building] INFO  o.a.m.s.f.DefaultMavenResourcesFiltering - Copying 129 resources from src/main/resources to target/classes
2023-10-06 12:29:30,375 [Worker-33: Building] INFO  o.a.m.s.f.DefaultMavenResourcesFiltering - skip non existing resourceDirectory /home/faizansopariwala/git/NMPC/src/test/resources
2023-10-06 12:29:35,096 [Worker-31: Building] INFO  o.a.m.s.f.DefaultMavenResourcesFiltering - Copying 1 resource from src/main/resources to target/classes
2023-10-06 12:29:35,108 [Worker-31: Building] INFO  o.a.m.s.f.DefaultMavenResourcesFiltering - Copying 129 resources from src/main/resources to target/classes
2023-10-06 12:29:35,115 [Worker-31: Building] INFO  o.a.m.s.f.DefaultMavenResourcesFiltering - skip non existing resourceDirectory /home/faizansopariwala/git/NMPC/src/test/resources
2023-10-06 12:29:45,109 [Worker-33: Building] INFO  o.a.m.s.f.DefaultMavenResourcesFiltering - Copying 1 resource from src/main/resources to target/classes
2023-10-06 12:29:45,124 [Worker-33: Building] INFO  o.a.m.s.f.DefaultMavenResourcesFiltering - Copying 129 resources from src/main/resources to target/classes
2023-10-06 12:29:45,130 [Worker-33: Building] INFO  o.a.m.s.f.DefaultMavenResourcesFiltering - skip non existing resourceDirectory /home/faizansopariwala/git/NMPC/src/test/resources
2023-10-06 12:29:53,944 [Worker-31: Building] INFO  o.a.m.s.f.DefaultMavenResourcesFiltering - Copying 1 resource from src/main/resources to target/classes
2023-10-06 12:29:53,950 [Worker-31: Building] INFO  o.a.m.s.f.DefaultMavenResourcesFiltering - Copying 129 resources from src/main/resources to target/classes
2023-10-06 12:29:53,954 [Worker-31: Building] INFO  o.a.m.s.f.DefaultMavenResourcesFiltering - skip non existing resourceDirectory /home/faizansopariwala/git/NMPC/src/test/resources
2023-10-06 12:32:47,038 [Worker-34: Building] INFO  o.a.m.s.f.DefaultMavenResourcesFiltering - Copying 0 resource from src/main/resources to target/classes
2023-10-06 12:32:47,038 [Worker-34: Building] INFO  o.a.m.s.f.DefaultMavenResourcesFiltering - Copying 1 resource from src/main/resources to target/classes
2023-10-06 12:32:47,041 [Worker-34: Building] INFO  o.a.m.s.f.DefaultMavenResourcesFiltering - skip non existing resourceDirectory /home/faizansopariwala/git/NMPC/src/test/resources
2023-10-06 12:33:05,805 [Worker-36: Building] INFO  o.a.m.s.f.DefaultMavenResourcesFiltering - Copying 0 resource from src/main/resources to target/classes
2023-10-06 12:33:05,806 [Worker-36: Building] INFO  o.a.m.s.f.DefaultMavenResourcesFiltering - Copying 1 resource from src/main/resources to target/classes
2023-10-06 12:33:05,812 [Worker-36: Building] INFO  o.a.m.s.f.DefaultMavenResourcesFiltering - skip non existing resourceDirectory /home/faizansopariwala/git/NMPC/src/test/resources
2023-10-06 12:33:17,453 [Worker-36: Building] INFO  o.a.m.s.f.DefaultMavenResourcesFiltering - Copying 0 resource from src/main/resources to target/classes
2023-10-06 12:33:17,453 [Worker-36: Building] INFO  o.a.m.s.f.DefaultMavenResourcesFiltering - Copying 1 resource from src/main/resources to target/classes
2023-10-06 12:33:17,457 [Worker-36: Building] INFO  o.a.m.s.f.DefaultMavenResourcesFiltering - skip non existing resourceDirectory /home/faizansopariwala/git/NMPC/src/test/resources
2023-10-06 12:34:12,258 [Worker-38: Building] INFO  o.a.m.s.f.DefaultMavenResourcesFiltering - Copying 0 resource from src/main/resources to target/classes
2023-10-06 12:34:12,258 [Worker-38: Building] INFO  o.a.m.s.f.DefaultMavenResourcesFiltering - Copying 1 resource from src/main/resources to target/classes
2023-10-06 12:34:12,260 [Worker-38: Building] INFO  o.a.m.s.f.DefaultMavenResourcesFiltering - skip non existing resourceDirectory /home/faizansopariwala/git/NMPC/src/test/resources
2023-10-06 12:34:14,365 [Worker-35: Building] INFO  o.a.m.s.f.DefaultMavenResourcesFiltering - Copying 0 resource from src/main/resources to target/classes
2023-10-06 12:34:14,365 [Worker-35: Building] INFO  o.a.m.s.f.DefaultMavenResourcesFiltering - Copying 1 resource from src/main/resources to target/classes
2023-10-06 12:34:14,371 [Worker-35: Building] INFO  o.a.m.s.f.DefaultMavenResourcesFiltering - skip non existing resourceDirectory /home/faizansopariwala/git/NMPC/src/test/resources
2023-10-06 12:34:31,475 [Worker-37: Building] INFO  o.a.m.s.f.DefaultMavenResourcesFiltering - Copying 0 resource from src/main/resources to target/classes
2023-10-06 12:34:31,476 [Worker-37: Building] INFO  o.a.m.s.f.DefaultMavenResourcesFiltering - Copying 1 resource from src/main/resources to target/classes
2023-10-06 12:34:31,478 [Worker-37: Building] INFO  o.a.m.s.f.DefaultMavenResourcesFiltering - skip non existing resourceDirectory /home/faizansopariwala/git/NMPC/src/test/resources
2023-10-06 12:34:35,013 [Worker-34: Building] INFO  o.a.m.s.f.DefaultMavenResourcesFiltering - Copying 0 resource from src/main/resources to target/classes
2023-10-06 12:34:35,013 [Worker-34: Building] INFO  o.a.m.s.f.DefaultMavenResourcesFiltering - Copying 1 resource from src/main/resources to target/classes
2023-10-06 12:34:35,016 [Worker-34: Building] INFO  o.a.m.s.f.DefaultMavenResourcesFiltering - skip non existing resourceDirectory /home/faizansopariwala/git/NMPC/src/test/resources
2023-10-06 12:34:55,728 [Worker-38: Building] INFO  o.a.m.s.f.DefaultMavenResourcesFiltering - Copying 0 resource from src/main/resources to target/classes
2023-10-06 12:34:55,729 [Worker-38: Building] INFO  o.a.m.s.f.DefaultMavenResourcesFiltering - Copying 1 resource from src/main/resources to target/classes
2023-10-06 12:34:55,731 [Worker-38: Building] INFO  o.a.m.s.f.DefaultMavenResourcesFiltering - skip non existing resourceDirectory /home/faizansopariwala/git/NMPC/src/test/resources
2023-10-06 12:35:01,124 [Worker-38: Building] INFO  o.a.m.s.f.DefaultMavenResourcesFiltering - Copying 0 resource from src/main/resources to target/classes
2023-10-06 12:35:01,124 [Worker-38: Building] INFO  o.a.m.s.f.DefaultMavenResourcesFiltering - Copying 1 resource from src/main/resources to target/classes
2023-10-06 12:35:01,126 [Worker-38: Building] INFO  o.a.m.s.f.DefaultMavenResourcesFiltering - skip non existing resourceDirectory /home/faizansopariwala/git/NMPC/src/test/resources
2023-10-06 12:38:04,757 [Worker-34: Building] INFO  o.a.m.s.f.DefaultMavenResourcesFiltering - Copying 0 resource from src/main/resources to target/classes
2023-10-06 12:38:04,758 [Worker-34: Building] INFO  o.a.m.s.f.DefaultMavenResourcesFiltering - Copying 1 resource from src/main/resources to target/classes
2023-10-06 12:38:04,763 [Worker-34: Building] INFO  o.a.m.s.f.DefaultMavenResourcesFiltering - skip non existing resourceDirectory /home/faizansopariwala/git/NMPC/src/test/resources
2023-10-06 12:38:20,112 [Worker-40: Building] INFO  o.a.m.s.f.DefaultMavenResourcesFiltering - Copying 0 resource from src/main/resources to target/classes
2023-10-06 12:38:20,113 [Worker-40: Building] INFO  o.a.m.s.f.DefaultMavenResourcesFiltering - Copying 1 resource from src/main/resources to target/classes
2023-10-06 12:38:20,116 [Worker-40: Building] INFO  o.a.m.s.f.DefaultMavenResourcesFiltering - skip non existing resourceDirectory /home/faizansopariwala/git/NMPC/src/test/resources
2023-10-06 12:38:22,187 [Worker-34: Building] INFO  o.a.m.s.f.DefaultMavenResourcesFiltering - Copying 0 resource from src/main/resources to target/classes
2023-10-06 12:38:22,187 [Worker-34: Building] INFO  o.a.m.s.f.DefaultMavenResourcesFiltering - Copying 1 resource from src/main/resources to target/classes
2023-10-06 12:38:22,189 [Worker-34: Building] INFO  o.a.m.s.f.DefaultMavenResourcesFiltering - skip non existing resourceDirectory /home/faizansopariwala/git/NMPC/src/test/resources
2023-10-06 12:39:25,971 [Worker-34: Building] INFO  o.a.m.s.f.DefaultMavenResourcesFiltering - Copying 0 resource from src/main/resources to target/classes
2023-10-06 12:39:25,971 [Worker-34: Building] INFO  o.a.m.s.f.DefaultMavenResourcesFiltering - Copying 1 resource from src/main/resources to target/classes
2023-10-06 12:39:25,973 [Worker-34: Building] INFO  o.a.m.s.f.DefaultMavenResourcesFiltering - skip non existing resourceDirectory /home/faizansopariwala/git/NMPC/src/test/resources
2023-10-06 12:39:34,405 [Worker-39: Building] INFO  o.a.m.s.f.DefaultMavenResourcesFiltering - Copying 0 resource from src/main/resources to target/classes
2023-10-06 12:39:34,406 [Worker-39: Building] INFO  o.a.m.s.f.DefaultMavenResourcesFiltering - Copying 1 resource from src/main/resources to target/classes
2023-10-06 12:39:34,413 [Worker-39: Building] INFO  o.a.m.s.f.DefaultMavenResourcesFiltering - skip non existing resourceDirectory /home/faizansopariwala/git/NMPC/src/test/resources
2023-10-06 12:50:18,602 [Worker-41: Building] INFO  o.a.m.s.f.DefaultMavenResourcesFiltering - Copying 1 resource from src/main/resources to target/classes
2023-10-06 12:50:18,613 [Worker-41: Building] INFO  o.a.m.s.f.DefaultMavenResourcesFiltering - Copying 129 resources from src/main/resources to target/classes
2023-10-06 12:50:18,623 [Worker-41: Building] INFO  o.a.m.s.f.DefaultMavenResourcesFiltering - skip non existing resourceDirectory /home/faizansopariwala/git/NMPC/src/test/resources
2023-10-06 14:58:16,860 [Worker-1: Loading available Gradle versions] INFO  o.e.b.c.i.u.g.PublishedGradleVersions - Gradle version information cache is up-to-date. Trying to read.
2023-10-06 14:58:19,222 [Worker-7: Building] INFO  o.a.m.s.f.DefaultMavenResourcesFiltering - Copying 1 resource from src/main/resources to target/classes
2023-10-06 14:58:19,243 [Worker-7: Building] INFO  o.a.m.s.f.DefaultMavenResourcesFiltering - Copying 129 resources from src/main/resources to target/classes
2023-10-06 14:58:19,288 [Worker-7: Building] INFO  o.a.m.s.f.DefaultMavenResourcesFiltering - skip non existing resourceDirectory /home/faizansopariwala/git/NMPC/src/test/resources
2023-10-08 13:24:34,365 [Worker-1: Loading available Gradle versions] INFO  o.e.b.c.i.u.g.PublishedGradleVersions - Gradle version information cache is out-of-date. Trying to update.
